{"C:\\Users\\Stefan\\VSCodeProjects\\fullstackopen\\notesapp\\frontend\\src\\App.jsx": {"path":"C:\\Users\\Stefan\\VSCodeProjects\\fullstackopen\\notesapp\\frontend\\src\\App.jsx","statementMap":{"0":{"start":{"line":11,"column":12},"end":{"line":108,"column":1}},"1":{"start":{"line":12,"column":28},"end":{"line":12,"column":42}},"2":{"start":{"line":13,"column":32},"end":{"line":13,"column":46}},"3":{"start":{"line":14,"column":42},"end":{"line":14,"column":56}},"4":{"start":{"line":15,"column":26},"end":{"line":15,"column":40}},"5":{"start":{"line":16,"column":22},"end":{"line":16,"column":30}},"6":{"start":{"line":18,"column":2},"end":{"line":25,"column":9}},"7":{"start":{"line":20,"column":6},"end":{"line":22,"column":9}},"8":{"start":{"line":21,"column":8},"end":{"line":21,"column":27}},"9":{"start":{"line":24,"column":4},"end":{"line":24,"column":16}},"10":{"start":{"line":27,"column":22},"end":{"line":29,"column":53}},"11":{"start":{"line":29,"column":29},"end":{"line":29,"column":52}},"12":{"start":{"line":31,"column":18},"end":{"line":36,"column":3}},"13":{"start":{"line":32,"column":4},"end":{"line":32,"column":43}},"14":{"start":{"line":33,"column":4},"end":{"line":35,"column":7}},"15":{"start":{"line":34,"column":6},"end":{"line":34,"column":39}},"16":{"start":{"line":38,"column":27},"end":{"line":57,"column":3}},"17":{"start":{"line":39,"column":17},"end":{"line":39,"column":47}},"18":{"start":{"line":39,"column":35},"end":{"line":39,"column":46}},"19":{"start":{"line":40,"column":24},"end":{"line":40,"column":63}},"20":{"start":{"line":42,"column":4},"end":{"line":56,"column":9}},"21":{"start":{"line":45,"column":8},"end":{"line":45,"column":74}},"22":{"start":{"line":45,"column":38},"end":{"line":45,"column":70}},"23":{"start":{"line":48,"column":8},"end":{"line":48,"column":29}},"24":{"start":{"line":49,"column":8},"end":{"line":51,"column":10}},"25":{"start":{"line":52,"column":8},"end":{"line":54,"column":17}},"26":{"start":{"line":53,"column":10},"end":{"line":53,"column":32}},"27":{"start":{"line":55,"column":8},"end":{"line":55,"column":51}},"28":{"start":{"line":55,"column":37},"end":{"line":55,"column":48}},"29":{"start":{"line":60,"column":2},"end":{"line":62,"column":3}},"30":{"start":{"line":61,"column":4},"end":{"line":61,"column":16}},"31":{"start":{"line":64,"column":2},"end":{"line":107,"column":4}},"32":{"start":{"line":91,"column":10},"end":{"line":95,"column":12}},"33":{"start":{"line":94,"column":36},"end":{"line":94,"column":61}},"34":{"start":{"line":100,"column":31},"end":{"line":100,"column":51}}},"fnMap":{"0":{"name":"(anonymous_0)","decl":{"start":{"line":11,"column":12},"end":{"line":11,"column":13}},"loc":{"start":{"line":11,"column":18},"end":{"line":108,"column":1}},"line":11},"1":{"name":"(anonymous_1)","decl":{"start":{"line":18,"column":12},"end":{"line":18,"column":13}},"loc":{"start":{"line":18,"column":18},"end":{"line":25,"column":3}},"line":18},"2":{"name":"fetchData","decl":{"start":{"line":19,"column":13},"end":{"line":19,"column":22}},"loc":{"start":{"line":19,"column":25},"end":{"line":23,"column":5}},"line":19},"3":{"name":"(anonymous_3)","decl":{"start":{"line":20,"column":32},"end":{"line":20,"column":33}},"loc":{"start":{"line":20,"column":46},"end":{"line":22,"column":7}},"line":20},"4":{"name":"(anonymous_4)","decl":{"start":{"line":29,"column":19},"end":{"line":29,"column":20}},"loc":{"start":{"line":29,"column":29},"end":{"line":29,"column":52}},"line":29},"5":{"name":"(anonymous_5)","decl":{"start":{"line":31,"column":18},"end":{"line":31,"column":19}},"loc":{"start":{"line":31,"column":34},"end":{"line":36,"column":3}},"line":31},"6":{"name":"(anonymous_6)","decl":{"start":{"line":33,"column":40},"end":{"line":33,"column":41}},"loc":{"start":{"line":33,"column":54},"end":{"line":35,"column":5}},"line":33},"7":{"name":"(anonymous_7)","decl":{"start":{"line":38,"column":27},"end":{"line":38,"column":28}},"loc":{"start":{"line":38,"column":41},"end":{"line":57,"column":3}},"line":38},"8":{"name":"(anonymous_8)","decl":{"start":{"line":39,"column":28},"end":{"line":39,"column":29}},"loc":{"start":{"line":39,"column":35},"end":{"line":39,"column":46}},"line":39},"9":{"name":"(anonymous_9)","decl":{"start":{"line":44,"column":12},"end":{"line":44,"column":13}},"loc":{"start":{"line":44,"column":26},"end":{"line":46,"column":7}},"line":44},"10":{"name":"(anonymous_10)","decl":{"start":{"line":45,"column":27},"end":{"line":45,"column":28}},"loc":{"start":{"line":45,"column":38},"end":{"line":45,"column":70}},"line":45},"11":{"name":"(anonymous_11)","decl":{"start":{"line":47,"column":13},"end":{"line":47,"column":14}},"loc":{"start":{"line":47,"column":24},"end":{"line":56,"column":7}},"line":47},"12":{"name":"(anonymous_12)","decl":{"start":{"line":52,"column":19},"end":{"line":52,"column":20}},"loc":{"start":{"line":52,"column":25},"end":{"line":54,"column":9}},"line":52},"13":{"name":"(anonymous_13)","decl":{"start":{"line":55,"column":30},"end":{"line":55,"column":31}},"loc":{"start":{"line":55,"column":37},"end":{"line":55,"column":48}},"line":55},"14":{"name":"(anonymous_14)","decl":{"start":{"line":90,"column":25},"end":{"line":90,"column":26}},"loc":{"start":{"line":91,"column":10},"end":{"line":95,"column":12}},"line":91},"15":{"name":"(anonymous_15)","decl":{"start":{"line":94,"column":30},"end":{"line":94,"column":31}},"loc":{"start":{"line":94,"column":36},"end":{"line":94,"column":61}},"line":94},"16":{"name":"(anonymous_16)","decl":{"start":{"line":100,"column":25},"end":{"line":100,"column":26}},"loc":{"start":{"line":100,"column":31},"end":{"line":100,"column":51}},"line":100}},"branchMap":{"0":{"loc":{"start":{"line":27,"column":22},"end":{"line":29,"column":53}},"type":"cond-expr","locations":[{"start":{"line":28,"column":6},"end":{"line":28,"column":11}},{"start":{"line":29,"column":6},"end":{"line":29,"column":53}}],"line":27},"1":{"loc":{"start":{"line":45,"column":38},"end":{"line":45,"column":70}},"type":"cond-expr","locations":[{"start":{"line":45,"column":55},"end":{"line":45,"column":59}},{"start":{"line":45,"column":62},"end":{"line":45,"column":70}}],"line":45},"2":{"loc":{"start":{"line":60,"column":2},"end":{"line":62,"column":3}},"type":"if","locations":[{"start":{"line":60,"column":2},"end":{"line":62,"column":3}},{"start":{},"end":{}}],"line":60},"3":{"loc":{"start":{"line":69,"column":7},"end":{"line":73,"column":7}},"type":"binary-expr","locations":[{"start":{"line":69,"column":7},"end":{"line":69,"column":12}},{"start":{"line":70,"column":8},"end":{"line":72,"column":20}}],"line":69},"4":{"loc":{"start":{"line":74,"column":7},"end":{"line":86,"column":7}},"type":"binary-expr","locations":[{"start":{"line":74,"column":7},"end":{"line":74,"column":11}},{"start":{"line":75,"column":8},"end":{"line":85,"column":14}}],"line":74},"5":{"loc":{"start":{"line":101,"column":16},"end":{"line":101,"column":45}},"type":"cond-expr","locations":[{"start":{"line":101,"column":26},"end":{"line":101,"column":37}},{"start":{"line":101,"column":40},"end":{"line":101,"column":45}}],"line":101}},"s":{"0":0,"1":0,"2":0,"3":0,"4":0,"5":0,"6":0,"7":0,"8":0,"9":0,"10":0,"11":0,"12":0,"13":0,"14":0,"15":0,"16":0,"17":0,"18":0,"19":0,"20":0,"21":0,"22":0,"23":0,"24":0,"25":0,"26":0,"27":0,"28":0,"29":0,"30":0,"31":0,"32":0,"33":0,"34":0},"f":{"0":0,"1":0,"2":0,"3":0,"4":0,"5":0,"6":0,"7":0,"8":0,"9":0,"10":0,"11":0,"12":0,"13":0,"14":0,"15":0,"16":0},"b":{"0":[0,0],"1":[0,0],"2":[0,0],"3":[0,0],"4":[0,0],"5":[0,0]}}
,"C:\\Users\\Stefan\\VSCodeProjects\\fullstackopen\\notesapp\\frontend\\src\\main.jsx": {"path":"C:\\Users\\Stefan\\VSCodeProjects\\fullstackopen\\notesapp\\frontend\\src\\main.jsx","statementMap":{"0":{"start":{"line":6,"column":0},"end":{"line":10,"column":2}}},"fnMap":{},"branchMap":{},"s":{"0":0},"f":{},"b":{}}
,"C:\\Users\\Stefan\\VSCodeProjects\\fullstackopen\\notesapp\\frontend\\src\\components\\Footer.jsx": {"path":"C:\\Users\\Stefan\\VSCodeProjects\\fullstackopen\\notesapp\\frontend\\src\\components\\Footer.jsx","statementMap":{"0":{"start":{"line":1,"column":15},"end":{"line":13,"column":1}},"1":{"start":{"line":2,"column":22},"end":{"line":6,"column":3}},"2":{"start":{"line":7,"column":2},"end":{"line":12,"column":4}}},"fnMap":{"0":{"name":"(anonymous_0)","decl":{"start":{"line":1,"column":15},"end":{"line":1,"column":16}},"loc":{"start":{"line":1,"column":21},"end":{"line":13,"column":1}},"line":1}},"branchMap":{},"s":{"0":0,"1":0,"2":0},"f":{"0":0},"b":{}}
,"C:\\Users\\Stefan\\VSCodeProjects\\fullstackopen\\notesapp\\frontend\\src\\components\\Login.jsx": {"path":"C:\\Users\\Stefan\\VSCodeProjects\\fullstackopen\\notesapp\\frontend\\src\\components\\Login.jsx","statementMap":{"0":{"start":{"line":6,"column":14},"end":{"line":68,"column":1}},"1":{"start":{"line":7,"column":34},"end":{"line":7,"column":46}},"2":{"start":{"line":8,"column":34},"end":{"line":8,"column":46}},"3":{"start":{"line":10,"column":2},"end":{"line":17,"column":16}},"4":{"start":{"line":11,"column":27},"end":{"line":11,"column":75}},"5":{"start":{"line":12,"column":4},"end":{"line":16,"column":5}},"6":{"start":{"line":13,"column":19},"end":{"line":13,"column":45}},"7":{"start":{"line":14,"column":6},"end":{"line":14,"column":20}},"8":{"start":{"line":15,"column":6},"end":{"line":15,"column":39}},"9":{"start":{"line":19,"column":22},"end":{"line":40,"column":3}},"10":{"start":{"line":20,"column":4},"end":{"line":20,"column":27}},"11":{"start":{"line":22,"column":4},"end":{"line":39,"column":5}},"12":{"start":{"line":23,"column":19},"end":{"line":26,"column":8}},"13":{"start":{"line":28,"column":6},"end":{"line":28,"column":77}},"14":{"start":{"line":30,"column":6},"end":{"line":30,"column":39}},"15":{"start":{"line":31,"column":6},"end":{"line":31,"column":20}},"16":{"start":{"line":32,"column":6},"end":{"line":32,"column":22}},"17":{"start":{"line":33,"column":6},"end":{"line":33,"column":22}},"18":{"start":{"line":35,"column":6},"end":{"line":35,"column":43}},"19":{"start":{"line":36,"column":6},"end":{"line":38,"column":15}},"20":{"start":{"line":37,"column":8},"end":{"line":37,"column":30}},"21":{"start":{"line":42,"column":2},"end":{"line":67,"column":4}},"22":{"start":{"line":52,"column":38},"end":{"line":52,"column":63}},"23":{"start":{"line":61,"column":38},"end":{"line":61,"column":63}},"24":{"start":{"line":70,"column":0},"end":{"line":73,"column":2}}},"fnMap":{"0":{"name":"(anonymous_0)","decl":{"start":{"line":6,"column":14},"end":{"line":6,"column":15}},"loc":{"start":{"line":6,"column":48},"end":{"line":68,"column":1}},"line":6},"1":{"name":"(anonymous_1)","decl":{"start":{"line":10,"column":12},"end":{"line":10,"column":13}},"loc":{"start":{"line":10,"column":18},"end":{"line":17,"column":3}},"line":10},"2":{"name":"(anonymous_2)","decl":{"start":{"line":19,"column":22},"end":{"line":19,"column":23}},"loc":{"start":{"line":19,"column":39},"end":{"line":40,"column":3}},"line":19},"3":{"name":"(anonymous_3)","decl":{"start":{"line":36,"column":17},"end":{"line":36,"column":18}},"loc":{"start":{"line":36,"column":23},"end":{"line":38,"column":7}},"line":36},"4":{"name":"(anonymous_4)","decl":{"start":{"line":52,"column":22},"end":{"line":52,"column":23}},"loc":{"start":{"line":52,"column":38},"end":{"line":52,"column":63}},"line":52},"5":{"name":"(anonymous_5)","decl":{"start":{"line":61,"column":22},"end":{"line":61,"column":23}},"loc":{"start":{"line":61,"column":38},"end":{"line":61,"column":63}},"line":61}},"branchMap":{"0":{"loc":{"start":{"line":12,"column":4},"end":{"line":16,"column":5}},"type":"if","locations":[{"start":{"line":12,"column":4},"end":{"line":16,"column":5}},{"start":{},"end":{}}],"line":12}},"s":{"0":0,"1":0,"2":0,"3":0,"4":0,"5":0,"6":0,"7":0,"8":0,"9":0,"10":0,"11":0,"12":0,"13":0,"14":0,"15":0,"16":0,"17":0,"18":0,"19":0,"20":0,"21":0,"22":0,"23":0,"24":0},"f":{"0":0,"1":0,"2":0,"3":0,"4":0,"5":0},"b":{"0":[0,0]}}
,"C:\\Users\\Stefan\\VSCodeProjects\\fullstackopen\\notesapp\\frontend\\src\\components\\Logout.jsx": {"path":"C:\\Users\\Stefan\\VSCodeProjects\\fullstackopen\\notesapp\\frontend\\src\\components\\Logout.jsx","statementMap":{"0":{"start":{"line":1,"column":15},"end":{"line":17,"column":1}},"1":{"start":{"line":3,"column":4},"end":{"line":3,"column":16}},"2":{"start":{"line":4,"column":4},"end":{"line":4,"column":32}},"3":{"start":{"line":7,"column":2},"end":{"line":16,"column":4}},"4":{"start":{"line":11,"column":8},"end":{"line":11,"column":21}}},"fnMap":{"0":{"name":"(anonymous_0)","decl":{"start":{"line":1,"column":15},"end":{"line":1,"column":16}},"loc":{"start":{"line":1,"column":32},"end":{"line":17,"column":1}},"line":1},"1":{"name":"logOutUser","decl":{"start":{"line":2,"column":11},"end":{"line":2,"column":21}},"loc":{"start":{"line":2,"column":24},"end":{"line":5,"column":3}},"line":2},"2":{"name":"(anonymous_2)","decl":{"start":{"line":10,"column":15},"end":{"line":10,"column":16}},"loc":{"start":{"line":10,"column":21},"end":{"line":12,"column":7}},"line":10}},"branchMap":{},"s":{"0":0,"1":0,"2":0,"3":0,"4":0},"f":{"0":0,"1":0,"2":0},"b":{}}
,"C:\\Users\\Stefan\\VSCodeProjects\\fullstackopen\\notesapp\\frontend\\src\\components\\Note.jsx": {"path":"C:\\Users\\Stefan\\VSCodeProjects\\fullstackopen\\notesapp\\frontend\\src\\components\\Note.jsx","statementMap":{"0":{"start":{"line":1,"column":13},"end":{"line":10,"column":1}},"1":{"start":{"line":2,"column":16},"end":{"line":2,"column":72}},"2":{"start":{"line":4,"column":2},"end":{"line":9,"column":4}}},"fnMap":{"0":{"name":"(anonymous_0)","decl":{"start":{"line":1,"column":13},"end":{"line":1,"column":14}},"loc":{"start":{"line":1,"column":45},"end":{"line":10,"column":1}},"line":1}},"branchMap":{"0":{"loc":{"start":{"line":2,"column":16},"end":{"line":2,"column":72}},"type":"cond-expr","locations":[{"start":{"line":2,"column":33},"end":{"line":2,"column":53}},{"start":{"line":2,"column":56},"end":{"line":2,"column":72}}],"line":2}},"s":{"0":1,"1":2,"2":2},"f":{"0":2},"b":{"0":[2,0]},"_coverageSchema":"1a1c01bbd47fc00a2c39e90264f33305004495a9","hash":"ca331931e73683fcad925e89967c3ddf0286adb3"}
,"C:\\Users\\Stefan\\VSCodeProjects\\fullstackopen\\notesapp\\frontend\\src\\components\\NoteForm.jsx": {"path":"C:\\Users\\Stefan\\VSCodeProjects\\fullstackopen\\notesapp\\frontend\\src\\components\\NoteForm.jsx","statementMap":{"0":{"start":{"line":3,"column":17},"end":{"line":30,"column":1}},"1":{"start":{"line":4,"column":32},"end":{"line":4,"column":44}},"2":{"start":{"line":6,"column":18},"end":{"line":14,"column":3}},"3":{"start":{"line":7,"column":4},"end":{"line":7,"column":27}},"4":{"start":{"line":8,"column":4},"end":{"line":11,"column":7}},"5":{"start":{"line":13,"column":4},"end":{"line":13,"column":19}},"6":{"start":{"line":16,"column":2},"end":{"line":29,"column":4}},"7":{"start":{"line":22,"column":31},"end":{"line":22,"column":61}}},"fnMap":{"0":{"name":"(anonymous_0)","decl":{"start":{"line":3,"column":17},"end":{"line":3,"column":18}},"loc":{"start":{"line":3,"column":37},"end":{"line":30,"column":1}},"line":3},"1":{"name":"(anonymous_1)","decl":{"start":{"line":6,"column":18},"end":{"line":6,"column":19}},"loc":{"start":{"line":6,"column":35},"end":{"line":14,"column":3}},"line":6},"2":{"name":"(anonymous_2)","decl":{"start":{"line":22,"column":20},"end":{"line":22,"column":21}},"loc":{"start":{"line":22,"column":31},"end":{"line":22,"column":61}},"line":22}},"branchMap":{},"s":{"0":1,"1":19,"2":19,"3":1,"4":1,"5":1,"6":19,"7":17},"f":{"0":19,"1":1,"2":17},"b":{},"_coverageSchema":"1a1c01bbd47fc00a2c39e90264f33305004495a9","hash":"32cfabafe2cb73600901e4c582d9a707b63719f9"}
,"C:\\Users\\Stefan\\VSCodeProjects\\fullstackopen\\notesapp\\frontend\\src\\components\\Notification.jsx": {"path":"C:\\Users\\Stefan\\VSCodeProjects\\fullstackopen\\notesapp\\frontend\\src\\components\\Notification.jsx","statementMap":{"0":{"start":{"line":1,"column":21},"end":{"line":11,"column":1}},"1":{"start":{"line":2,"column":2},"end":{"line":4,"column":3}},"2":{"start":{"line":3,"column":4},"end":{"line":3,"column":16}},"3":{"start":{"line":6,"column":2},"end":{"line":10,"column":4}}},"fnMap":{"0":{"name":"(anonymous_0)","decl":{"start":{"line":1,"column":21},"end":{"line":1,"column":22}},"loc":{"start":{"line":1,"column":51},"end":{"line":11,"column":1}},"line":1}},"branchMap":{"0":{"loc":{"start":{"line":2,"column":2},"end":{"line":4,"column":3}},"type":"if","locations":[{"start":{"line":2,"column":2},"end":{"line":4,"column":3}},{"start":{},"end":{}}],"line":2},"1":{"loc":{"start":{"line":7,"column":20},"end":{"line":7,"column":65}},"type":"cond-expr","locations":[{"start":{"line":7,"column":46},"end":{"line":7,"column":53}},{"start":{"line":7,"column":56},"end":{"line":7,"column":65}}],"line":7}},"s":{"0":0,"1":0,"2":0,"3":0},"f":{"0":0},"b":{"0":[0,0],"1":[0,0]}}
,"C:\\Users\\Stefan\\VSCodeProjects\\fullstackopen\\notesapp\\frontend\\src\\components\\Togglable.jsx": {"path":"C:\\Users\\Stefan\\VSCodeProjects\\fullstackopen\\notesapp\\frontend\\src\\components\\Togglable.jsx","statementMap":{"0":{"start":{"line":4,"column":18},"end":{"line":31,"column":2}},"1":{"start":{"line":5,"column":32},"end":{"line":5,"column":47}},"2":{"start":{"line":7,"column":26},"end":{"line":7,"column":60}},"3":{"start":{"line":8,"column":26},"end":{"line":8,"column":60}},"4":{"start":{"line":10,"column":27},"end":{"line":12,"column":3}},"5":{"start":{"line":11,"column":4},"end":{"line":11,"column":25}},"6":{"start":{"line":14,"column":2},"end":{"line":18,"column":5}},"7":{"start":{"line":15,"column":4},"end":{"line":17,"column":6}},"8":{"start":{"line":20,"column":2},"end":{"line":30,"column":4}},"9":{"start":{"line":33,"column":0},"end":{"line":33,"column":36}},"10":{"start":{"line":35,"column":0},"end":{"line":37,"column":2}}},"fnMap":{"0":{"name":"(anonymous_0)","decl":{"start":{"line":4,"column":29},"end":{"line":4,"column":30}},"loc":{"start":{"line":4,"column":46},"end":{"line":31,"column":1}},"line":4},"1":{"name":"(anonymous_1)","decl":{"start":{"line":10,"column":27},"end":{"line":10,"column":28}},"loc":{"start":{"line":10,"column":33},"end":{"line":12,"column":3}},"line":10},"2":{"name":"(anonymous_2)","decl":{"start":{"line":14,"column":28},"end":{"line":14,"column":29}},"loc":{"start":{"line":14,"column":34},"end":{"line":18,"column":3}},"line":14}},"branchMap":{"0":{"loc":{"start":{"line":7,"column":37},"end":{"line":7,"column":58}},"type":"cond-expr","locations":[{"start":{"line":7,"column":47},"end":{"line":7,"column":53}},{"start":{"line":7,"column":56},"end":{"line":7,"column":58}}],"line":7},"1":{"loc":{"start":{"line":8,"column":37},"end":{"line":8,"column":58}},"type":"cond-expr","locations":[{"start":{"line":8,"column":47},"end":{"line":8,"column":49}},{"start":{"line":8,"column":52},"end":{"line":8,"column":58}}],"line":8}},"s":{"0":1,"1":4,"2":4,"3":4,"4":4,"5":1,"6":4,"7":0,"8":4,"9":1,"10":1},"f":{"0":4,"1":1,"2":0},"b":{"0":[1,3],"1":[1,3]},"_coverageSchema":"1a1c01bbd47fc00a2c39e90264f33305004495a9","hash":"0b1fdad66f41214a655b57676ce5a8d20b906697"}
,"C:\\Users\\Stefan\\VSCodeProjects\\fullstackopen\\notesapp\\frontend\\src\\services\\login.js": {"path":"C:\\Users\\Stefan\\VSCodeProjects\\fullstackopen\\notesapp\\frontend\\src\\services\\login.js","statementMap":{"0":{"start":{"line":1,"column":16},"end":{"line":1,"column":28}},"1":{"start":{"line":3,"column":14},"end":{"line":18,"column":1}},"2":{"start":{"line":4,"column":19},"end":{"line":11,"column":4}},"3":{"start":{"line":12,"column":2},"end":{"line":14,"column":3}},"4":{"start":{"line":13,"column":4},"end":{"line":13,"column":41}},"5":{"start":{"line":15,"column":17},"end":{"line":15,"column":32}},"6":{"start":{"line":17,"column":2},"end":{"line":17,"column":16}}},"fnMap":{"0":{"name":"(anonymous_0)","decl":{"start":{"line":3,"column":14},"end":{"line":3,"column":15}},"loc":{"start":{"line":3,"column":37},"end":{"line":18,"column":1}},"line":3}},"branchMap":{"0":{"loc":{"start":{"line":12,"column":2},"end":{"line":14,"column":3}},"type":"if","locations":[{"start":{"line":12,"column":2},"end":{"line":14,"column":3}},{"start":{},"end":{}}],"line":12}},"s":{"0":0,"1":0,"2":0,"3":0,"4":0,"5":0,"6":0},"f":{"0":0},"b":{"0":[0,0]}}
,"C:\\Users\\Stefan\\VSCodeProjects\\fullstackopen\\notesapp\\frontend\\src\\services\\notes.js": {"path":"C:\\Users\\Stefan\\VSCodeProjects\\fullstackopen\\notesapp\\frontend\\src\\services\\notes.js","statementMap":{"0":{"start":{"line":1,"column":16},"end":{"line":1,"column":28}},"1":{"start":{"line":3,"column":12},"end":{"line":3,"column":16}},"2":{"start":{"line":5,"column":17},"end":{"line":7,"column":1}},"3":{"start":{"line":6,"column":2},"end":{"line":6,"column":31}},"4":{"start":{"line":9,"column":15},"end":{"line":13,"column":1}},"5":{"start":{"line":10,"column":19},"end":{"line":10,"column":39}},"6":{"start":{"line":11,"column":16},"end":{"line":11,"column":37}},"7":{"start":{"line":12,"column":2},"end":{"line":12,"column":15}},"8":{"start":{"line":15,"column":15},"end":{"line":28,"column":1}},"9":{"start":{"line":16,"column":19},"end":{"line":24,"column":4}},"10":{"start":{"line":25,"column":17},"end":{"line":25,"column":32}},"11":{"start":{"line":27,"column":2},"end":{"line":27,"column":16}},"12":{"start":{"line":30,"column":15},"end":{"line":41,"column":1}},"13":{"start":{"line":31,"column":19},"end":{"line":38,"column":4}},"14":{"start":{"line":39,"column":17},"end":{"line":39,"column":46}},"15":{"start":{"line":40,"column":2},"end":{"line":40,"column":16}}},"fnMap":{"0":{"name":"(anonymous_0)","decl":{"start":{"line":5,"column":17},"end":{"line":5,"column":18}},"loc":{"start":{"line":5,"column":31},"end":{"line":7,"column":1}},"line":5},"1":{"name":"(anonymous_1)","decl":{"start":{"line":9,"column":15},"end":{"line":9,"column":16}},"loc":{"start":{"line":9,"column":27},"end":{"line":13,"column":1}},"line":9},"2":{"name":"(anonymous_2)","decl":{"start":{"line":15,"column":15},"end":{"line":15,"column":16}},"loc":{"start":{"line":15,"column":36},"end":{"line":28,"column":1}},"line":15},"3":{"name":"(anonymous_3)","decl":{"start":{"line":30,"column":15},"end":{"line":30,"column":16}},"loc":{"start":{"line":30,"column":40},"end":{"line":41,"column":1}},"line":30}},"branchMap":{},"s":{"0":0,"1":0,"2":0,"3":0,"4":0,"5":0,"6":0,"7":0,"8":0,"9":0,"10":0,"11":0,"12":0,"13":0,"14":0,"15":0},"f":{"0":0,"1":0,"2":0,"3":0},"b":{}}
}
